[2019-02-28 13:58:53] production.ERROR: The E:\wamp64\www\ipay-cards\bootstrap/cache directory must be present and writable. {"exception":"[object] (Exception(code: 0): The E:\\wamp64\\www\\ipay-cards\\bootstrap/cache directory must be present and writable. at E:\\wamp64\\www\\ipay-cards\\vendor\\laravel\\framework\\src\\Illuminate\\Foundation\\PackageManifest.php:167)
[stacktrace]
#0 E:\\wamp64\\www\\ipay-cards\\vendor\\laravel\\framework\\src\\Illuminate\\Foundation\\PackageManifest.php(127): Illuminate\\Foundation\\PackageManifest->write(Array)
#1 E:\\wamp64\\www\\ipay-cards\\vendor\\laravel\\framework\\src\\Illuminate\\Foundation\\PackageManifest.php(97): Illuminate\\Foundation\\PackageManifest->build()
#2 E:\\wamp64\\www\\ipay-cards\\vendor\\laravel\\framework\\src\\Illuminate\\Foundation\\PackageManifest.php(80): Illuminate\\Foundation\\PackageManifest->getManifest()
#3 E:\\wamp64\\www\\ipay-cards\\vendor\\laravel\\framework\\src\\Illuminate\\Foundation\\Bootstrap\\RegisterFacades.php(26): Illuminate\\Foundation\\PackageManifest->aliases()
#4 E:\\wamp64\\www\\ipay-cards\\vendor\\laravel\\framework\\src\\Illuminate\\Foundation\\Application.php(206): Illuminate\\Foundation\\Bootstrap\\RegisterFacades->bootstrap(Object(Illuminate\\Foundation\\Application))
#5 E:\\wamp64\\www\\ipay-cards\\vendor\\laravel\\framework\\src\\Illuminate\\Foundation\\Http\\Kernel.php(162): Illuminate\\Foundation\\Application->bootstrapWith(Array)
#6 E:\\wamp64\\www\\ipay-cards\\vendor\\laravel\\framework\\src\\Illuminate\\Foundation\\Http\\Kernel.php(146): Illuminate\\Foundation\\Http\\Kernel->bootstrap()
#7 E:\\wamp64\\www\\ipay-cards\\vendor\\laravel\\framework\\src\\Illuminate\\Foundation\\Http\\Kernel.php(116): Illuminate\\Foundation\\Http\\Kernel->sendRequestThroughRouter(Object(Illuminate\\Http\\Request))
#8 E:\\wamp64\\www\\ipay-cards\\public\\index.php(55): Illuminate\\Foundation\\Http\\Kernel->handle(Object(Illuminate\\Http\\Request))
#9 E:\\wamp64\\www\\ipay-cards\\index.php(21): require_once('E:\\\\wamp64\\\\www\\\\i...')
#10 {main}
"} 
[2019-02-28 13:58:54] production.ERROR: Class session does not exist {"exception":"[object] (ReflectionException(code: -1): Class session does not exist at E:\\wamp64\\www\\ipay-cards\\vendor\\laravel\\framework\\src\\Illuminate\\Container\\Container.php:767)
[stacktrace]
#0 E:\\wamp64\\www\\ipay-cards\\vendor\\laravel\\framework\\src\\Illuminate\\Container\\Container.php(767): ReflectionClass->__construct('session')
#1 E:\\wamp64\\www\\ipay-cards\\vendor\\laravel\\framework\\src\\Illuminate\\Container\\Container.php(646): Illuminate\\Container\\Container->build('session')
#2 E:\\wamp64\\www\\ipay-cards\\vendor\\laravel\\framework\\src\\Illuminate\\Container\\Container.php(601): Illuminate\\Container\\Container->resolve('session', Array)
#3 E:\\wamp64\\www\\ipay-cards\\vendor\\laravel\\framework\\src\\Illuminate\\Foundation\\Application.php(734): Illuminate\\Container\\Container->make('session', Array)
#4 E:\\wamp64\\www\\ipay-cards\\vendor\\laravel\\framework\\src\\Illuminate\\Container\\Container.php(900): Illuminate\\Foundation\\Application->make('session')
#5 E:\\wamp64\\www\\ipay-cards\\vendor\\laravel\\framework\\src\\Illuminate\\Container\\Container.php(828): Illuminate\\Container\\Container->resolveClass(Object(ReflectionParameter))
#6 E:\\wamp64\\www\\ipay-cards\\vendor\\laravel\\framework\\src\\Illuminate\\Container\\Container.php(795): Illuminate\\Container\\Container->resolveDependencies(Array)
#7 E:\\wamp64\\www\\ipay-cards\\vendor\\laravel\\framework\\src\\Illuminate\\Container\\Container.php(646): Illuminate\\Container\\Container->build('Illuminate\\\\Sess...')
#8 E:\\wamp64\\www\\ipay-cards\\vendor\\laravel\\framework\\src\\Illuminate\\Container\\Container.php(601): Illuminate\\Container\\Container->resolve('Illuminate\\\\Sess...', Array)
#9 E:\\wamp64\\www\\ipay-cards\\vendor\\laravel\\framework\\src\\Illuminate\\Foundation\\Application.php(734): Illuminate\\Container\\Container->make('Illuminate\\\\Sess...', Array)
#10 E:\\wamp64\\www\\ipay-cards\\vendor\\laravel\\framework\\src\\Illuminate\\Foundation\\Http\\Kernel.php(215): Illuminate\\Foundation\\Application->make('Illuminate\\\\Sess...')
#11 E:\\wamp64\\www\\ipay-cards\\vendor\\laravel\\framework\\src\\Illuminate\\Foundation\\Http\\Kernel.php(189): Illuminate\\Foundation\\Http\\Kernel->terminateMiddleware(Object(Illuminate\\Http\\Request), Object(Illuminate\\Http\\Response))
#12 E:\\wamp64\\www\\ipay-cards\\public\\index.php(60): Illuminate\\Foundation\\Http\\Kernel->terminate(Object(Illuminate\\Http\\Request), Object(Illuminate\\Http\\Response))
#13 E:\\wamp64\\www\\ipay-cards\\index.php(21): require_once('E:\\\\wamp64\\\\www\\\\i...')
#14 {main}
"} 
[2019-02-28 14:10:48] production.ERROR: The E:\wamp64\www\ipay-cards\bootstrap/cache directory must be present and writable. {"exception":"[object] (Exception(code: 0): The E:\\wamp64\\www\\ipay-cards\\bootstrap/cache directory must be present and writable. at E:\\wamp64\\www\\ipay-cards\\vendor\\laravel\\framework\\src\\Illuminate\\Foundation\\PackageManifest.php:167)
[stacktrace]
#0 E:\\wamp64\\www\\ipay-cards\\vendor\\laravel\\framework\\src\\Illuminate\\Foundation\\PackageManifest.php(127): Illuminate\\Foundation\\PackageManifest->write(Array)
#1 E:\\wamp64\\www\\ipay-cards\\vendor\\laravel\\framework\\src\\Illuminate\\Foundation\\PackageManifest.php(97): Illuminate\\Foundation\\PackageManifest->build()
#2 E:\\wamp64\\www\\ipay-cards\\vendor\\laravel\\framework\\src\\Illuminate\\Foundation\\PackageManifest.php(80): Illuminate\\Foundation\\PackageManifest->getManifest()
#3 E:\\wamp64\\www\\ipay-cards\\vendor\\laravel\\framework\\src\\Illuminate\\Foundation\\Bootstrap\\RegisterFacades.php(26): Illuminate\\Foundation\\PackageManifest->aliases()
#4 E:\\wamp64\\www\\ipay-cards\\vendor\\laravel\\framework\\src\\Illuminate\\Foundation\\Application.php(206): Illuminate\\Foundation\\Bootstrap\\RegisterFacades->bootstrap(Object(Illuminate\\Foundation\\Application))
#5 E:\\wamp64\\www\\ipay-cards\\vendor\\laravel\\framework\\src\\Illuminate\\Foundation\\Http\\Kernel.php(162): Illuminate\\Foundation\\Application->bootstrapWith(Array)
#6 E:\\wamp64\\www\\ipay-cards\\vendor\\laravel\\framework\\src\\Illuminate\\Foundation\\Http\\Kernel.php(146): Illuminate\\Foundation\\Http\\Kernel->bootstrap()
#7 E:\\wamp64\\www\\ipay-cards\\vendor\\laravel\\framework\\src\\Illuminate\\Foundation\\Http\\Kernel.php(116): Illuminate\\Foundation\\Http\\Kernel->sendRequestThroughRouter(Object(Illuminate\\Http\\Request))
#8 E:\\wamp64\\www\\ipay-cards\\public\\index.php(55): Illuminate\\Foundation\\Http\\Kernel->handle(Object(Illuminate\\Http\\Request))
#9 E:\\wamp64\\www\\ipay-cards\\index.php(21): require_once('E:\\\\wamp64\\\\www\\\\i...')
#10 {main}
"} 
[2019-02-28 14:10:48] production.ERROR: Class session does not exist {"exception":"[object] (ReflectionException(code: -1): Class session does not exist at E:\\wamp64\\www\\ipay-cards\\vendor\\laravel\\framework\\src\\Illuminate\\Container\\Container.php:767)
[stacktrace]
#0 E:\\wamp64\\www\\ipay-cards\\vendor\\laravel\\framework\\src\\Illuminate\\Container\\Container.php(767): ReflectionClass->__construct('session')
#1 E:\\wamp64\\www\\ipay-cards\\vendor\\laravel\\framework\\src\\Illuminate\\Container\\Container.php(646): Illuminate\\Container\\Container->build('session')
#2 E:\\wamp64\\www\\ipay-cards\\vendor\\laravel\\framework\\src\\Illuminate\\Container\\Container.php(601): Illuminate\\Container\\Container->resolve('session', Array)
#3 E:\\wamp64\\www\\ipay-cards\\vendor\\laravel\\framework\\src\\Illuminate\\Foundation\\Application.php(734): Illuminate\\Container\\Container->make('session', Array)
#4 E:\\wamp64\\www\\ipay-cards\\vendor\\laravel\\framework\\src\\Illuminate\\Container\\Container.php(900): Illuminate\\Foundation\\Application->make('session')
#5 E:\\wamp64\\www\\ipay-cards\\vendor\\laravel\\framework\\src\\Illuminate\\Container\\Container.php(828): Illuminate\\Container\\Container->resolveClass(Object(ReflectionParameter))
#6 E:\\wamp64\\www\\ipay-cards\\vendor\\laravel\\framework\\src\\Illuminate\\Container\\Container.php(795): Illuminate\\Container\\Container->resolveDependencies(Array)
#7 E:\\wamp64\\www\\ipay-cards\\vendor\\laravel\\framework\\src\\Illuminate\\Container\\Container.php(646): Illuminate\\Container\\Container->build('Illuminate\\\\Sess...')
#8 E:\\wamp64\\www\\ipay-cards\\vendor\\laravel\\framework\\src\\Illuminate\\Container\\Container.php(601): Illuminate\\Container\\Container->resolve('Illuminate\\\\Sess...', Array)
#9 E:\\wamp64\\www\\ipay-cards\\vendor\\laravel\\framework\\src\\Illuminate\\Foundation\\Application.php(734): Illuminate\\Container\\Container->make('Illuminate\\\\Sess...', Array)
#10 E:\\wamp64\\www\\ipay-cards\\vendor\\laravel\\framework\\src\\Illuminate\\Foundation\\Http\\Kernel.php(215): Illuminate\\Foundation\\Application->make('Illuminate\\\\Sess...')
#11 E:\\wamp64\\www\\ipay-cards\\vendor\\laravel\\framework\\src\\Illuminate\\Foundation\\Http\\Kernel.php(189): Illuminate\\Foundation\\Http\\Kernel->terminateMiddleware(Object(Illuminate\\Http\\Request), Object(Illuminate\\Http\\Response))
#12 E:\\wamp64\\www\\ipay-cards\\public\\index.php(60): Illuminate\\Foundation\\Http\\Kernel->terminate(Object(Illuminate\\Http\\Request), Object(Illuminate\\Http\\Response))
#13 E:\\wamp64\\www\\ipay-cards\\index.php(21): require_once('E:\\\\wamp64\\\\www\\\\i...')
#14 {main}
"} 
[2019-02-28 14:11:30] production.ERROR: The E:\wamp64\www\ipay-cards\bootstrap/cache directory must be present and writable. {"exception":"[object] (Exception(code: 0): The E:\\wamp64\\www\\ipay-cards\\bootstrap/cache directory must be present and writable. at E:\\wamp64\\www\\ipay-cards\\vendor\\laravel\\framework\\src\\Illuminate\\Foundation\\PackageManifest.php:167)
[stacktrace]
#0 E:\\wamp64\\www\\ipay-cards\\vendor\\laravel\\framework\\src\\Illuminate\\Foundation\\PackageManifest.php(127): Illuminate\\Foundation\\PackageManifest->write(Array)
#1 E:\\wamp64\\www\\ipay-cards\\vendor\\laravel\\framework\\src\\Illuminate\\Foundation\\PackageManifest.php(97): Illuminate\\Foundation\\PackageManifest->build()
#2 E:\\wamp64\\www\\ipay-cards\\vendor\\laravel\\framework\\src\\Illuminate\\Foundation\\PackageManifest.php(80): Illuminate\\Foundation\\PackageManifest->getManifest()
#3 E:\\wamp64\\www\\ipay-cards\\vendor\\laravel\\framework\\src\\Illuminate\\Foundation\\Bootstrap\\RegisterFacades.php(26): Illuminate\\Foundation\\PackageManifest->aliases()
#4 E:\\wamp64\\www\\ipay-cards\\vendor\\laravel\\framework\\src\\Illuminate\\Foundation\\Application.php(206): Illuminate\\Foundation\\Bootstrap\\RegisterFacades->bootstrap(Object(Illuminate\\Foundation\\Application))
#5 E:\\wamp64\\www\\ipay-cards\\vendor\\laravel\\framework\\src\\Illuminate\\Foundation\\Http\\Kernel.php(162): Illuminate\\Foundation\\Application->bootstrapWith(Array)
#6 E:\\wamp64\\www\\ipay-cards\\vendor\\laravel\\framework\\src\\Illuminate\\Foundation\\Http\\Kernel.php(146): Illuminate\\Foundation\\Http\\Kernel->bootstrap()
#7 E:\\wamp64\\www\\ipay-cards\\vendor\\laravel\\framework\\src\\Illuminate\\Foundation\\Http\\Kernel.php(116): Illuminate\\Foundation\\Http\\Kernel->sendRequestThroughRouter(Object(Illuminate\\Http\\Request))
#8 E:\\wamp64\\www\\ipay-cards\\public\\index.php(55): Illuminate\\Foundation\\Http\\Kernel->handle(Object(Illuminate\\Http\\Request))
#9 E:\\wamp64\\www\\ipay-cards\\index.php(21): require_once('E:\\\\wamp64\\\\www\\\\i...')
#10 {main}
"} 
[2019-02-28 14:11:30] production.ERROR: Class session does not exist {"exception":"[object] (ReflectionException(code: -1): Class session does not exist at E:\\wamp64\\www\\ipay-cards\\vendor\\laravel\\framework\\src\\Illuminate\\Container\\Container.php:767)
[stacktrace]
#0 E:\\wamp64\\www\\ipay-cards\\vendor\\laravel\\framework\\src\\Illuminate\\Container\\Container.php(767): ReflectionClass->__construct('session')
#1 E:\\wamp64\\www\\ipay-cards\\vendor\\laravel\\framework\\src\\Illuminate\\Container\\Container.php(646): Illuminate\\Container\\Container->build('session')
#2 E:\\wamp64\\www\\ipay-cards\\vendor\\laravel\\framework\\src\\Illuminate\\Container\\Container.php(601): Illuminate\\Container\\Container->resolve('session', Array)
#3 E:\\wamp64\\www\\ipay-cards\\vendor\\laravel\\framework\\src\\Illuminate\\Foundation\\Application.php(734): Illuminate\\Container\\Container->make('session', Array)
#4 E:\\wamp64\\www\\ipay-cards\\vendor\\laravel\\framework\\src\\Illuminate\\Container\\Container.php(900): Illuminate\\Foundation\\Application->make('session')
#5 E:\\wamp64\\www\\ipay-cards\\vendor\\laravel\\framework\\src\\Illuminate\\Container\\Container.php(828): Illuminate\\Container\\Container->resolveClass(Object(ReflectionParameter))
#6 E:\\wamp64\\www\\ipay-cards\\vendor\\laravel\\framework\\src\\Illuminate\\Container\\Container.php(795): Illuminate\\Container\\Container->resolveDependencies(Array)
#7 E:\\wamp64\\www\\ipay-cards\\vendor\\laravel\\framework\\src\\Illuminate\\Container\\Container.php(646): Illuminate\\Container\\Container->build('Illuminate\\\\Sess...')
#8 E:\\wamp64\\www\\ipay-cards\\vendor\\laravel\\framework\\src\\Illuminate\\Container\\Container.php(601): Illuminate\\Container\\Container->resolve('Illuminate\\\\Sess...', Array)
#9 E:\\wamp64\\www\\ipay-cards\\vendor\\laravel\\framework\\src\\Illuminate\\Foundation\\Application.php(734): Illuminate\\Container\\Container->make('Illuminate\\\\Sess...', Array)
#10 E:\\wamp64\\www\\ipay-cards\\vendor\\laravel\\framework\\src\\Illuminate\\Foundation\\Http\\Kernel.php(215): Illuminate\\Foundation\\Application->make('Illuminate\\\\Sess...')
#11 E:\\wamp64\\www\\ipay-cards\\vendor\\laravel\\framework\\src\\Illuminate\\Foundation\\Http\\Kernel.php(189): Illuminate\\Foundation\\Http\\Kernel->terminateMiddleware(Object(Illuminate\\Http\\Request), Object(Illuminate\\Http\\Response))
#12 E:\\wamp64\\www\\ipay-cards\\public\\index.php(60): Illuminate\\Foundation\\Http\\Kernel->terminate(Object(Illuminate\\Http\\Request), Object(Illuminate\\Http\\Response))
#13 E:\\wamp64\\www\\ipay-cards\\index.php(21): require_once('E:\\\\wamp64\\\\www\\\\i...')
#14 {main}
"} 
[2019-02-28 14:12:55] production.ERROR: The E:\wamp64\www\ipay-cards\bootstrap/cache directory must be present and writable. {"exception":"[object] (Exception(code: 0): The E:\\wamp64\\www\\ipay-cards\\bootstrap/cache directory must be present and writable. at E:\\wamp64\\www\\ipay-cards\\vendor\\laravel\\framework\\src\\Illuminate\\Foundation\\PackageManifest.php:167)
[stacktrace]
#0 E:\\wamp64\\www\\ipay-cards\\vendor\\laravel\\framework\\src\\Illuminate\\Foundation\\PackageManifest.php(127): Illuminate\\Foundation\\PackageManifest->write(Array)
#1 E:\\wamp64\\www\\ipay-cards\\vendor\\laravel\\framework\\src\\Illuminate\\Foundation\\PackageManifest.php(97): Illuminate\\Foundation\\PackageManifest->build()
#2 E:\\wamp64\\www\\ipay-cards\\vendor\\laravel\\framework\\src\\Illuminate\\Foundation\\PackageManifest.php(80): Illuminate\\Foundation\\PackageManifest->getManifest()
#3 E:\\wamp64\\www\\ipay-cards\\vendor\\laravel\\framework\\src\\Illuminate\\Foundation\\Bootstrap\\RegisterFacades.php(26): Illuminate\\Foundation\\PackageManifest->aliases()
#4 E:\\wamp64\\www\\ipay-cards\\vendor\\laravel\\framework\\src\\Illuminate\\Foundation\\Application.php(206): Illuminate\\Foundation\\Bootstrap\\RegisterFacades->bootstrap(Object(Illuminate\\Foundation\\Application))
#5 E:\\wamp64\\www\\ipay-cards\\vendor\\laravel\\framework\\src\\Illuminate\\Foundation\\Http\\Kernel.php(162): Illuminate\\Foundation\\Application->bootstrapWith(Array)
#6 E:\\wamp64\\www\\ipay-cards\\vendor\\laravel\\framework\\src\\Illuminate\\Foundation\\Http\\Kernel.php(146): Illuminate\\Foundation\\Http\\Kernel->bootstrap()
#7 E:\\wamp64\\www\\ipay-cards\\vendor\\laravel\\framework\\src\\Illuminate\\Foundation\\Http\\Kernel.php(116): Illuminate\\Foundation\\Http\\Kernel->sendRequestThroughRouter(Object(Illuminate\\Http\\Request))
#8 E:\\wamp64\\www\\ipay-cards\\public\\index.php(55): Illuminate\\Foundation\\Http\\Kernel->handle(Object(Illuminate\\Http\\Request))
#9 E:\\wamp64\\www\\ipay-cards\\index.php(21): require_once('E:\\\\wamp64\\\\www\\\\i...')
#10 {main}
"} 
[2019-02-28 14:12:55] production.ERROR: Class session does not exist {"exception":"[object] (ReflectionException(code: -1): Class session does not exist at E:\\wamp64\\www\\ipay-cards\\vendor\\laravel\\framework\\src\\Illuminate\\Container\\Container.php:767)
[stacktrace]
#0 E:\\wamp64\\www\\ipay-cards\\vendor\\laravel\\framework\\src\\Illuminate\\Container\\Container.php(767): ReflectionClass->__construct('session')
#1 E:\\wamp64\\www\\ipay-cards\\vendor\\laravel\\framework\\src\\Illuminate\\Container\\Container.php(646): Illuminate\\Container\\Container->build('session')
#2 E:\\wamp64\\www\\ipay-cards\\vendor\\laravel\\framework\\src\\Illuminate\\Container\\Container.php(601): Illuminate\\Container\\Container->resolve('session', Array)
#3 E:\\wamp64\\www\\ipay-cards\\vendor\\laravel\\framework\\src\\Illuminate\\Foundation\\Application.php(734): Illuminate\\Container\\Container->make('session', Array)
#4 E:\\wamp64\\www\\ipay-cards\\vendor\\laravel\\framework\\src\\Illuminate\\Container\\Container.php(900): Illuminate\\Foundation\\Application->make('session')
#5 E:\\wamp64\\www\\ipay-cards\\vendor\\laravel\\framework\\src\\Illuminate\\Container\\Container.php(828): Illuminate\\Container\\Container->resolveClass(Object(ReflectionParameter))
#6 E:\\wamp64\\www\\ipay-cards\\vendor\\laravel\\framework\\src\\Illuminate\\Container\\Container.php(795): Illuminate\\Container\\Container->resolveDependencies(Array)
#7 E:\\wamp64\\www\\ipay-cards\\vendor\\laravel\\framework\\src\\Illuminate\\Container\\Container.php(646): Illuminate\\Container\\Container->build('Illuminate\\\\Sess...')
#8 E:\\wamp64\\www\\ipay-cards\\vendor\\laravel\\framework\\src\\Illuminate\\Container\\Container.php(601): Illuminate\\Container\\Container->resolve('Illuminate\\\\Sess...', Array)
#9 E:\\wamp64\\www\\ipay-cards\\vendor\\laravel\\framework\\src\\Illuminate\\Foundation\\Application.php(734): Illuminate\\Container\\Container->make('Illuminate\\\\Sess...', Array)
#10 E:\\wamp64\\www\\ipay-cards\\vendor\\laravel\\framework\\src\\Illuminate\\Foundation\\Http\\Kernel.php(215): Illuminate\\Foundation\\Application->make('Illuminate\\\\Sess...')
#11 E:\\wamp64\\www\\ipay-cards\\vendor\\laravel\\framework\\src\\Illuminate\\Foundation\\Http\\Kernel.php(189): Illuminate\\Foundation\\Http\\Kernel->terminateMiddleware(Object(Illuminate\\Http\\Request), Object(Illuminate\\Http\\Response))
#12 E:\\wamp64\\www\\ipay-cards\\public\\index.php(60): Illuminate\\Foundation\\Http\\Kernel->terminate(Object(Illuminate\\Http\\Request), Object(Illuminate\\Http\\Response))
#13 E:\\wamp64\\www\\ipay-cards\\index.php(21): require_once('E:\\\\wamp64\\\\www\\\\i...')
#14 {main}
"} 
